<?xml version="1.0" encoding="UTF-8"?>
<!-- Generated by org.testng.reporters.JUnitReportReporter -->
<testsuite hostname="DESKTOP-EUH2O3V" failures="0" tests="1" name="redbusProject.Testpages.HomePageTest" time="12.238" errors="0" timestamp="2023-11-19T15:41:14 IST" skipped="0">
  <testcase classname="redbusProject.Testpages.HomePageTest" name="clickOnRegisterPage" time="12.238"/>
  <system-out/>
</testsuite> <!-- redbusProject.Testpages.HomePageTest -->
