<?xml version="1.0" encoding="UTF-8"?>
<!-- Generated by org.testng.reporters.JUnitReportReporter -->
<testsuite hostname="DESKTOP-EUH2O3V" failures="0" tests="2" name="redbusProject.Testpages.NavigateTest" time="10.750" errors="0" timestamp="2023-11-19T19:10:01 IST" skipped="0">
  <testcase classname="redbusProject.Testpages.NavigateTest" name="clickOnAccount" time="4.135"/>
  <system-out/>
  <testcase classname="redbusProject.Testpages.NavigateTest" name="clickOncabrental" time="6.615"/>
  <system-out/>
</testsuite> <!-- redbusProject.Testpages.NavigateTest -->
