<?xml version="1.0" encoding="UTF-8"?>
<!-- Generated by org.testng.reporters.JUnitReportReporter -->
<testsuite hostname="DESKTOP-EUH2O3V" failures="0" tests="1" name="redbusProject.Testpages.bookBusTicket" time="5.576" errors="0" timestamp="2023-11-19T14:45:19 IST" skipped="0">
  <testcase classname="redbusProject.Testpages.bookBusTicket" name="viewSeats" time="5.576"/>
  <system-out/>
</testsuite> <!-- redbusProject.Testpages.bookBusTicket -->
