<?xml version="1.0" encoding="UTF-8"?>
<!-- Generated by org.testng.reporters.JUnitReportReporter -->
<testsuite hostname="DESKTOP-EUH2O3V" failures="0" tests="1" name="redbusProject.Testpages.bookBusTicketTest" time="5.548" errors="0" timestamp="2023-11-19T19:10:01 IST" skipped="0">
  <testcase classname="redbusProject.Testpages.bookBusTicketTest" name="SearchBus" time="5.548"/>
  <system-out/>
</testsuite> <!-- redbusProject.Testpages.bookBusTicketTest -->
