<?xml version="1.0" encoding="UTF-8"?>
<!-- Generated by org.testng.reporters.JUnitReportReporter -->
<testsuite hostname="DESKTOP-EUH2O3V" failures="0" tests="1" name="redbusProject.Testpages.AccountPageTest" time="12.252" errors="0" timestamp="2023-11-19T19:10:01 IST" skipped="0">
  <testcase classname="redbusProject.Testpages.AccountPageTest" name="clickOnSignUpPage" time="12.252"/>
  <system-out/>
</testsuite> <!-- redbusProject.Testpages.AccountPageTest -->
